SF:lib\core\data\repositories\firebase_auth_repository.dart
DA:8,1
DA:12,1
DA:14,2
DA:15,1
DA:17,0
DA:19,1
DA:22,1
DA:23,3
LF:8
LH:7
end_of_record
SF:lib\features\quiz\data\datasources\rtdb_refs.dart
DA:4,2
DA:8,4
DA:9,4
DA:10,4
DA:11,0
DA:13,4
DA:14,1
DA:15,3
DA:17,0
DA:18,0
DA:19,1
DA:20,3
DA:22,1
DA:23,3
DA:25,6
LF:15
LH:12
end_of_record
SF:lib\features\quiz\data\mappers\quiz_mappers.dart
DA:15,2
DA:17,2
DA:19,1
DA:21,1
DA:28,2
DA:30,2
DA:32,1
DA:34,1
DA:40,4
DA:41,2
DA:42,4
DA:43,2
DA:48,4
DA:49,2
DA:50,4
DA:51,2
DA:56,4
DA:57,2
DA:58,2
DA:63,4
DA:64,2
DA:65,2
DA:70,10
DA:74,10
DA:78,8
DA:82,4
DA:86,2
DA:87,1
DA:88,1
DA:89,1
DA:94,4
DA:95,2
DA:96,2
DA:97,2
DA:102,2
DA:103,6
DA:104,8
DA:105,10
DA:107,2
DA:109,4
DA:110,4
DA:117,2
DA:118,2
DA:119,8
DA:120,10
DA:122,10
DA:126,0
DA:130,0
LF:48
LH:46
end_of_record
SF:lib\features\quiz\data\models\game_state_dto.dart
DA:13,2
LF:1
LH:1
end_of_record
SF:lib\features\quiz\data\models\game_state_dto.g.dart
DA:9,1
DA:10,1
DA:12,2
DA:13,2
DA:16,1
DA:17,1
DA:18,1
DA:19,1
LF:8
LH:8
end_of_record
SF:lib\features\quiz\data\models\participant_dto.dart
DA:13,2
LF:1
LH:1
end_of_record
SF:lib\features\quiz\data\models\participant_dto.g.dart
DA:9,1
DA:10,1
DA:11,1
DA:12,2
DA:15,1
DA:16,3
LF:6
LH:6
end_of_record
SF:lib\features\quiz\data\models\question_dto.dart
DA:14,2
LF:1
LH:1
end_of_record
SF:lib\features\quiz\data\models\question_dto.g.dart
DA:9,2
DA:10,1
DA:11,4
DA:12,2
DA:15,1
DA:16,1
DA:17,1
DA:18,1
DA:19,1
LF:9
LH:9
end_of_record
SF:lib\features\quiz\data\models\quiz_answer_dto.dart
DA:14,0
LF:1
LH:0
end_of_record
SF:lib\features\quiz\data\models\quiz_answer_dto.g.dart
DA:9,0
DA:10,0
DA:11,0
DA:12,0
DA:13,0
DA:16,1
DA:17,1
DA:18,1
DA:19,1
DA:20,1
LF:10
LH:5
end_of_record
SF:lib\features\quiz\data\models\quiz_config_dto.dart
DA:14,2
LF:1
LH:1
end_of_record
SF:lib\features\quiz\data\models\quiz_config_dto.g.dart
DA:9,1
DA:10,1
DA:11,1
DA:12,1
DA:13,2
DA:16,1
DA:17,1
DA:18,1
DA:19,1
DA:20,1
LF:10
LH:10
end_of_record
SF:lib\features\quiz\data\models\quiz_dto.dart
DA:18,0
LF:1
LH:0
end_of_record
SF:lib\features\quiz\data\models\quiz_dto.g.dart
DA:9,0
DA:10,0
DA:11,0
DA:13,0
DA:14,0
DA:19,0
DA:20,0
DA:21,0
DA:22,0
LF:9
LH:0
end_of_record
SF:lib\features\quiz\data\repositories\firebase_quiz_repository.dart
DA:28,1
DA:33,1
DA:40,1
DA:46,1
DA:47,2
DA:48,4
DA:51,2
DA:54,1
DA:56,1
DA:68,1
DA:69,4
DA:70,2
DA:71,2
DA:72,2
DA:73,3
DA:84,1
DA:91,3
DA:92,1
DA:94,1
DA:95,1
DA:99,3
DA:100,1
DA:102,2
DA:105,1
DA:113,0
DA:116,1
DA:117,4
DA:120,1
DA:122,5
DA:123,2
DA:124,1
DA:125,1
DA:127,1
DA:130,1
DA:131,1
DA:132,1
DA:134,1
DA:135,1
DA:139,2
DA:140,0
DA:141,1
DA:143,1
DA:144,1
DA:146,1
DA:147,2
DA:148,2
DA:149,1
DA:150,1
DA:151,1
DA:152,2
DA:155,1
DA:160,1
DA:164,1
DA:166,5
DA:167,2
DA:168,0
DA:169,1
DA:171,1
DA:172,2
DA:173,2
DA:174,1
DA:175,1
DA:176,1
DA:177,1
DA:178,2
DA:181,5
DA:186,1
DA:188,1
DA:189,1
DA:192,4
DA:193,4
DA:194,4
DA:197,0
DA:203,0
DA:204,0
DA:210,1
DA:216,3
DA:217,1
DA:219,2
DA:221,0
DA:223,2
DA:226,1
DA:231,0
DA:236,0
DA:239,0
DA:240,0
DA:241,0
DA:244,0
DA:245,0
DA:246,0
DA:250,1
DA:257,1
DA:259,2
DA:260,2
DA:261,0
DA:262,1
DA:265,1
DA:268,3
DA:269,2
DA:270,2
DA:271,2
DA:277,1
DA:279,1
DA:280,0
DA:283,1
DA:284,2
DA:288,4
DA:289,1
DA:290,2
DA:291,1
DA:298,1
DA:300,3
DA:301,1
DA:303,1
DA:304,0
DA:307,3
DA:309,0
DA:310,0
LF:118
LH:98
end_of_record
SF:lib\features\quiz\data\repositories\firebase_time_sync_repository.dart
DA:9,2
DA:13,1
DA:15,5
DA:16,2
DA:17,1
DA:18,2
LF:6
LH:6
end_of_record
SF:lib\features\quiz\presentation\bloc\create_quiz\create_quiz_bloc.dart
DA:15,1
DA:18,1
DA:19,2
DA:25,1
DA:29,1
DA:31,1
DA:32,2
DA:34,1
DA:35,1
DA:37,2
DA:38,1
DA:39,0
DA:41,3
DA:45,1
DA:46,2
DA:48,0
LF:16
LH:14
end_of_record
SF:lib\features\quiz\presentation\bloc\host_game\host_game_bloc.dart
DA:23,1
DA:24,1
DA:25,2
DA:26,2
DA:27,2
DA:28,2
DA:29,2
DA:30,2
DA:42,1
DA:46,1
DA:47,1
DA:48,1
DA:50,3
DA:52,4
DA:53,3
DA:56,5
DA:57,0
DA:61,1
DA:65,1
DA:66,1
DA:71,3
DA:72,0
DA:73,0
DA:75,0
DA:79,1
DA:83,1
DA:84,1
DA:86,3
DA:87,3
DA:90,3
DA:91,0
DA:92,0
DA:94,0
DA:99,1
DA:102,2
DA:103,1
DA:107,0
DA:108,0
DA:110,0
DA:114,0
DA:115,0
DA:116,0
DA:118,0
DA:121,0
DA:122,0
DA:125,0
DA:126,0
DA:127,0
DA:128,0
DA:129,0
DA:130,0
DA:131,0
DA:134,0
DA:137,0
DA:138,0
DA:139,0
DA:140,0
DA:141,0
DA:143,0
DA:146,0
DA:149,1
DA:153,1
DA:154,1
DA:156,1
DA:157,2
DA:159,4
DA:163,2
DA:164,1
DA:166,1
DA:167,3
DA:168,2
DA:170,3
DA:173,4
DA:174,2
DA:175,1
DA:178,2
DA:179,1
DA:181,1
DA:184,0
DA:185,0
DA:187,0
DA:191,1
DA:195,2
DA:198,1
DA:199,4
DA:201,1
DA:203,2
DA:204,1
DA:205,2
DA:206,1
LF:90
LH:56
end_of_record
SF:lib\features\quiz\presentation\bloc\lobby\lobby_bloc.dart
DA:17,2
DA:18,2
DA:19,2
DA:20,2
DA:27,1
DA:28,1
DA:29,1
DA:31,1
DA:33,2
DA:34,2
DA:35,1
DA:37,2
DA:38,2
DA:39,1
DA:42,1
DA:46,3
DA:49,1
DA:53,1
DA:54,1
DA:55,2
DA:56,2
DA:57,2
DA:59,1
DA:64,1
DA:66,2
DA:67,2
DA:68,1
LF:27
LH:27
end_of_record
SF:lib\features\quiz\presentation\bloc\player_game\player_game_bloc.dart
DA:24,1
DA:28,1
DA:29,2
DA:30,2
DA:31,2
DA:32,2
DA:33,2
DA:34,2
DA:48,1
DA:52,1
DA:53,1
DA:54,1
DA:55,1
DA:57,1
DA:60,1
DA:61,1
DA:65,1
DA:66,2
DA:67,1
DA:68,1
DA:70,3
DA:72,3
DA:80,2
DA:81,1
DA:83,1
DA:85,1
DA:87,4
DA:88,3
DA:91,5
DA:94,2
DA:97,1
DA:98,0
DA:101,1
DA:103,2
DA:104,2
DA:105,4
DA:107,2
DA:109,0
DA:111,0
DA:112,0
DA:114,0
DA:118,1
DA:122,1
DA:123,1
DA:125,2
DA:131,1
DA:132,0
DA:133,0
DA:135,0
DA:136,0
DA:144,3
DA:145,0
DA:148,1
DA:149,1
DA:150,1
DA:151,2
DA:152,1
DA:153,1
DA:155,2
DA:156,2
DA:157,1
DA:158,1
DA:159,2
DA:168,1
DA:172,1
DA:173,1
DA:174,4
DA:177,1
DA:181,1
DA:182,1
DA:183,1
DA:184,2
DA:186,2
DA:187,4
DA:190,1
DA:191,1
DA:193,1
DA:194,1
DA:196,2
DA:197,1
DA:202,1
DA:203,2
DA:205,1
DA:208,0
DA:209,0
DA:211,0
DA:215,1
DA:219,2
DA:222,0
DA:223,0
DA:224,0
DA:225,0
DA:229,0
DA:230,0
DA:231,0
DA:233,0
DA:236,1
DA:240,2
DA:241,0
DA:244,0
DA:245,0
DA:246,0
DA:247,0
DA:254,1
DA:255,2
DA:257,0
DA:260,1
DA:261,4
DA:263,1
DA:265,2
DA:266,2
DA:267,2
DA:268,2
DA:269,1
LF:114
LH:87
end_of_record
